<?xml version="1.0" encoding="UTF-8"?>
<testng-results ignored="0" total="2" passed="2" failed="0" skipped="0">
  <reporter-output>
  </reporter-output>
  <suite started-at="2022-06-03T21:43:48 CEST" name="Surefire suite" finished-at="2022-06-03T21:44:10 CEST" duration-ms="22184">
    <groups>
      <group name="cucumber">
        <method signature="AbstractTestNGCucumberTests.runScenario(io.cucumber.testng.PickleWrapper,io.cucumber.testng.FeatureWrapper)[pri:0, instance:cucumberOptions2.TestRunner2@124c278f]" name="runScenario" class="io.cucumber.testng.AbstractTestNGCucumberTests"/>
      </group> <!-- cucumber -->
    </groups>
    <test started-at="2022-06-03T21:43:48 CEST" name="Surefire test" finished-at="2022-06-03T21:44:10 CEST" duration-ms="22184">
      <class name="cucumberOptions2.TestRunner2">
        <test-method is-config="true" signature="setUpClass(org.testng.ITestContext)[pri:0, instance:cucumberOptions2.TestRunner2@124c278f]" started-at="2022-06-03T21:43:48 CEST" name="setUpClass" finished-at="2022-06-03T21:43:48 CEST" duration-ms="219" status="PASS">
          <params>
            <param index="0">
              <value>
                <![CDATA[org.testng.TestRunner@184fb68d]]>
              </value>
            </param>
          </params>
          <reporter-output>
          </reporter-output>
        </test-method> <!-- setUpClass -->
        <test-method signature="runScenario(io.cucumber.testng.PickleWrapper,io.cucumber.testng.FeatureWrapper)[pri:0, instance:cucumberOptions2.TestRunner2@124c278f]" started-at="2022-06-03T21:43:49 CEST" name="runScenario" description="Runs Cucumber Scenarios" data-provider="scenarios" finished-at="2022-06-03T21:44:00 CEST" duration-ms="11439" status="PASS">
          <params>
            <param index="0">
              <value>
                <![CDATA["Positive test validation login"]]>
              </value>
            </param>
            <param index="1">
              <value>
                <![CDATA["Login into Application"]]>
              </value>
            </param>
          </params>
          <reporter-output>
          </reporter-output>
        </test-method> <!-- runScenario -->
        <test-method signature="runScenario(io.cucumber.testng.PickleWrapper,io.cucumber.testng.FeatureWrapper)[pri:0, instance:cucumberOptions2.TestRunner2@124c278f]" started-at="2022-06-03T21:44:00 CEST" name="runScenario" description="Runs Cucumber Scenarios" data-provider="scenarios" finished-at="2022-06-03T21:44:10 CEST" duration-ms="10495" status="PASS">
          <params>
            <param index="0">
              <value>
                <![CDATA["Positive test validation login"]]>
              </value>
            </param>
            <param index="1">
              <value>
                <![CDATA["Login into Application"]]>
              </value>
            </param>
          </params>
          <reporter-output>
          </reporter-output>
        </test-method> <!-- runScenario -->
        <test-method is-config="true" signature="tearDownClass()[pri:0, instance:cucumberOptions2.TestRunner2@124c278f]" started-at="2022-06-03T21:44:10 CEST" name="tearDownClass" finished-at="2022-06-03T21:44:10 CEST" duration-ms="0" status="PASS">
          <reporter-output>
          </reporter-output>
        </test-method> <!-- tearDownClass -->
      </class> <!-- cucumberOptions2.TestRunner2 -->
    </test> <!-- Surefire test -->
  </suite> <!-- Surefire suite -->
</testng-results>
