<?xml version="1.0" encoding="UTF-8"?>
<testsuite xmlns:xsi="http://www.w3.org/2001/XMLSchema-instance" xsi:noNamespaceSchemaLocation="https://maven.apache.org/surefire/maven-surefire-plugin/xsd/surefire-test-report-3.0.xsd" version="3.0" name="TestSuite" time="0.662" tests="1" errors="0" skipped="0" failures="0">
  <properties>
[...]
</properties>
  <testcase name="runScenario[&quot;Home page default login&quot;, &quot;Application Login&quot;](1)" classname="cucumberOptions.TestRunner" time="0.078">
    <system-out><![CDATA[navigated to login url
Logged in success
Validated home page
Validated home page
]]></system-out>
  </testcase>
</testsuite>