<?xml version="1.0" encoding="UTF-8"?>
<testsuite xmlns:xsi="http://www.w3.org/2001/XMLSchema-instance" xsi:noNamespaceSchemaLocation="https://maven.apache.org/surefire/maven-surefire-plugin/xsd/surefire-test-report-3.0.xsd" version="3.0" name="cucumberOptions.TestRunner" time="0.676" tests="2" errors="0" skipped="0" failures="0">
  <properties>
[...]
</properties>
  <testcase name="runScenario[&quot;Home page default login&quot;, &quot;Application Login&quot;](1)" classname="cucumberOptions.TestRunner" time="0.075">
    <system-out><![CDATA[navigated to login url
Ovo je za kukumber 2
jin
1234
Validated home page
true
]]></system-out>
  </testcase>
  <testcase name="runScenario[&quot;Home page default login&quot;, &quot;Application Login&quot;](2)" classname="cucumberOptions.TestRunner" time="0.004">
    <system-out><![CDATA[navigated to login url
Ovo je za kukumber 2
john
4321
Validated home page
false
]]></system-out>
  </testcase>
</testsuite>