<?xml version="1.0" encoding="UTF-8"?>
<testng-results ignored="0" total="2" passed="2" failed="0" skipped="0">
  <reporter-output>
  </reporter-output>
  <suite started-at="2022-06-02T20:55:58 CEST" name="Surefire suite" finished-at="2022-06-02T20:55:58 CEST" duration-ms="333">
    <groups>
      <group name="cucumber">
        <method signature="AbstractTestNGCucumberTests.runScenario(io.cucumber.testng.PickleWrapper,io.cucumber.testng.FeatureWrapper)[pri:0, instance:cucumberOptions.TestRunner@124c278f]" name="runScenario" class="io.cucumber.testng.AbstractTestNGCucumberTests"/>
      </group> <!-- cucumber -->
    </groups>
    <test started-at="2022-06-02T20:55:58 CEST" name="Surefire test" finished-at="2022-06-02T20:55:58 CEST" duration-ms="333">
      <class name="cucumberOptions.TestRunner">
        <test-method is-config="true" signature="setUpClass(org.testng.ITestContext)[pri:0, instance:cucumberOptions.TestRunner@124c278f]" started-at="2022-06-02T20:55:58 CEST" name="setUpClass" finished-at="2022-06-02T20:55:58 CEST" duration-ms="217" status="PASS">
          <params>
            <param index="0">
              <value>
                <![CDATA[org.testng.TestRunner@60410cd]]>
              </value>
            </param>
          </params>
          <reporter-output>
          </reporter-output>
        </test-method> <!-- setUpClass -->
        <test-method signature="runScenario(io.cucumber.testng.PickleWrapper,io.cucumber.testng.FeatureWrapper)[pri:0, instance:cucumberOptions.TestRunner@124c278f]" started-at="2022-06-02T20:55:58 CEST" name="runScenario" description="Runs Cucumber Scenarios" data-provider="scenarios" finished-at="2022-06-02T20:55:58 CEST" duration-ms="73" status="PASS">
          <params>
            <param index="0">
              <value>
                <![CDATA["Home page default login"]]>
              </value>
            </param>
            <param index="1">
              <value>
                <![CDATA["Application Login"]]>
              </value>
            </param>
          </params>
          <reporter-output>
          </reporter-output>
        </test-method> <!-- runScenario -->
        <test-method signature="runScenario(io.cucumber.testng.PickleWrapper,io.cucumber.testng.FeatureWrapper)[pri:0, instance:cucumberOptions.TestRunner@124c278f]" started-at="2022-06-02T20:55:58 CEST" name="runScenario" description="Runs Cucumber Scenarios" data-provider="scenarios" finished-at="2022-06-02T20:55:58 CEST" duration-ms="6" status="PASS">
          <params>
            <param index="0">
              <value>
                <![CDATA["Home page default login"]]>
              </value>
            </param>
            <param index="1">
              <value>
                <![CDATA["Application Login"]]>
              </value>
            </param>
          </params>
          <reporter-output>
          </reporter-output>
        </test-method> <!-- runScenario -->
        <test-method is-config="true" signature="tearDownClass()[pri:0, instance:cucumberOptions.TestRunner@124c278f]" started-at="2022-06-02T20:55:58 CEST" name="tearDownClass" finished-at="2022-06-02T20:55:58 CEST" duration-ms="10" status="PASS">
          <reporter-output>
          </reporter-output>
        </test-method> <!-- tearDownClass -->
      </class> <!-- cucumberOptions.TestRunner -->
    </test> <!-- Surefire test -->
  </suite> <!-- Surefire suite -->
</testng-results>
